<?xml version="1.0" encoding="UTF-8"?>
<!-- Generated by org.testng.reporters.JUnitXMLReporter -->
<testsuite ignored="0" hostname="DESKTOP-8DPVRQ3" failures="0" tests="6" name="Default test" time="0.057" errors="0" timestamp="2020-09-13T17:42:44 IST">
  <testcase classname="com.test.TestNG.NewTest2" name="openPage" time="0.011"/>
  <testcase classname="com.test.TestNG.NewTest2" name="login" time="0.001"/>
  <testcase classname="com.test.TestNG.NewTest2" name="addNewUser" time="0.0"/>
  <testcase classname="com.test.TestNG.NewTest2" name="viewUsers" time="0.001"/>
  <testcase classname="com.test.TestNG.NewTest2" name="removeExistingUser" time="0.001"/>
  <testcase classname="com.test.TestNG.NewTest2" name="Logout" time="0.001"/>
</testsuite> <!-- Default test -->
