<?xml version="1.0" encoding="UTF-8"?>
<!-- Generated by org.testng.reporters.JUnitXMLReporter -->
<testsuite ignored="2" hostname="DESKTOP-8DPVRQ3" failures="0" tests="4" name="Test" time="0.049" errors="0" timestamp="2020-09-13T10:29:00 IST">
  <testcase classname="com.test.TestNG.NewTest" name="openPage" time="0.009"/>
  <testcase classname="com.test.TestNG.NewTest" name="login" time="0.001"/>
  <testcase classname="com.test.TestNG.NewTest" name="addNewUser" time="0.001"/>
  <testcase classname="com.test.TestNG.NewTest" name="Logout" time="0.001"/>
  <testcase classname="com.test.TestNG.NewTest" name="removeExistingUser" time="0.0">
    <ignored/>
  </testcase> <!-- removeExistingUser -->
  <testcase classname="com.test.TestNG.NewTest" name="viewUsers" time="0.0">
    <ignored/>
  </testcase> <!-- viewUsers -->
</testsuite> <!-- Test -->
